<?xml version="1.0" encoding="UTF-8"?>
<!-- Generated by org.testng.reporters.JUnitXMLReporter -->
<testsuite hostname="PAKU-BLR-01" ignored="0" name="RegressionTest" tests="18" failures="2" timestamp="08 Feb 2023 06:16:43 GMT" time="748.649" errors="0">
  <testcase name="CRMLogoValidation" time="0.164" classname="com.crm.qa.testcases.LoginPageTest"/>
  <testcase name="loginPageTitleValidation" time="0.08" classname="com.crm.qa.testcases.LoginPageTest"/>
  <testcase name="loginTestValidation" time="14.843" classname="com.crm.qa.testcases.LoginPageTest"/>
  <testcase name="contactsLinkTest" time="5.32" classname="com.crm.qa.testcases.HomePageTest"/>
  <testcase name="dealsLinkTest" time="3.838" classname="com.crm.qa.testcases.HomePageTest"/>
  <testcase name="homePageTitleTest" time="0.017" classname="com.crm.qa.testcases.HomePageTest">
    <skipped/>
  </testcase> <!-- homePageTitleTest -->
  <testcase name="homePageTitleTest" time="0.019" classname="com.crm.qa.testcases.HomePageTest">
    <skipped/>
  </testcase> <!-- homePageTitleTest -->
  <testcase name="homePageTitleTest" time="0.017" classname="com.crm.qa.testcases.HomePageTest">
    <skipped/>
  </testcase> <!-- homePageTitleTest -->
  <testcase name="homePageTitleTest" time="0.019" classname="com.crm.qa.testcases.HomePageTest">
    <failure type="java.lang.AssertionError" message="CRMPRO expected:&amp;lt;CRMPRO&amp;gt; but was:&amp;lt;Wrong Title&amp;gt;">
      <![CDATA[java.lang.AssertionError: CRMPRO expected:<CRMPRO> but was:<Wrong Title>
	at com.crm.qa.testcases.HomePageTest.homePageTitleTest(HomePageTest.java:41)
... Removed 26 stack frames]]>
    </failure>
  </testcase> <!-- homePageTitleTest -->
  <testcase name="tasksLinkTest" time="3.365" classname="com.crm.qa.testcases.HomePageTest"/>
  <testcase name="userValidation" time="0.105" classname="com.crm.qa.testcases.HomePageTest">
    <skipped/>
  </testcase> <!-- userValidation -->
  <testcase name="userValidation" time="0.116" classname="com.crm.qa.testcases.HomePageTest">
    <skipped/>
  </testcase> <!-- userValidation -->
  <testcase name="userValidation" time="0.096" classname="com.crm.qa.testcases.HomePageTest">
    <skipped/>
  </testcase> <!-- userValidation -->
  <testcase name="userValidation" time="0.189" classname="com.crm.qa.testcases.HomePageTest">
    <failure type="java.lang.AssertionError" message="incorrect user expected [User: PANKAJ KUMAR] but found [  User: PANKAJ KUMAR]">
      <![CDATA[java.lang.AssertionError: incorrect user expected [User: PANKAJ KUMAR] but found [  User: PANKAJ KUMAR]
	at com.crm.qa.pages.HomePage.verifyUserName(HomePage.java:45)
	at com.crm.qa.testcases.HomePageTest.userValidation(HomePageTest.java:47)
... Removed 30 stack frames]]>
    </failure>
  </testcase> <!-- userValidation -->
  <testcase name="validateCreateNewConatct" time="36.214" classname="com.crm.qa.testcases.ContactsPageTest"/>
  <testcase name="validateCreateNewConatct" time="34.78" classname="com.crm.qa.testcases.ContactsPageTest"/>
  <testcase name="validateCreateNewConatct" time="41.034" classname="com.crm.qa.testcases.ContactsPageTest"/>
  <testcase name="validateCreateNewConatct" time="35.069" classname="com.crm.qa.testcases.ContactsPageTest"/>
</testsuite> <!-- RegressionTest -->
