<?xml version="1.0" encoding="UTF-8"?>
<testng-results skipped="0" failed="1" ignored="0" total="5" passed="4">
  <reporter-output>
  </reporter-output>
  <suite name="Default suite" duration-ms="203133" started-at="2023-02-08T07:14:15Z" finished-at="2023-02-08T07:17:38Z">
    <groups>
    </groups>
    <test name="Default test" duration-ms="203133" started-at="2023-02-08T07:14:15Z" finished-at="2023-02-08T07:17:38Z">
      <class name="com.crm.qa.testcases.HomePageTest">
        <test-method status="PASS" signature="setup()[pri:0, instance:com.crm.qa.testcases.HomePageTest@5025a98f]" name="setup" is-config="true" duration-ms="45080" started-at="2023-02-08T12:44:15Z" finished-at="2023-02-08T12:45:00Z">
          <reporter-output>
          </reporter-output>
        </test-method> <!-- setup -->
        <test-method status="PASS" signature="contactsLinkTest()[pri:0, instance:com.crm.qa.testcases.HomePageTest@5025a98f]" name="contactsLinkTest" duration-ms="4206" started-at="2023-02-08T12:45:00Z" finished-at="2023-02-08T12:45:05Z">
          <reporter-output>
          </reporter-output>
        </test-method> <!-- contactsLinkTest -->
        <test-method status="PASS" signature="tearDown()[pri:0, instance:com.crm.qa.testcases.HomePageTest@5025a98f]" name="tearDown" is-config="true" duration-ms="2182" started-at="2023-02-08T12:45:05Z" finished-at="2023-02-08T12:45:07Z">
          <reporter-output>
          </reporter-output>
        </test-method> <!-- tearDown -->
        <test-method status="PASS" signature="setup()[pri:0, instance:com.crm.qa.testcases.HomePageTest@5025a98f]" name="setup" is-config="true" duration-ms="33326" started-at="2023-02-08T12:45:07Z" finished-at="2023-02-08T12:45:40Z">
          <reporter-output>
          </reporter-output>
        </test-method> <!-- setup -->
        <test-method status="PASS" signature="dealsLinkTest()[pri:0, instance:com.crm.qa.testcases.HomePageTest@5025a98f]" name="dealsLinkTest" duration-ms="3897" started-at="2023-02-08T12:45:40Z" finished-at="2023-02-08T12:45:44Z">
          <reporter-output>
          </reporter-output>
        </test-method> <!-- dealsLinkTest -->
        <test-method status="PASS" signature="tearDown()[pri:0, instance:com.crm.qa.testcases.HomePageTest@5025a98f]" name="tearDown" is-config="true" duration-ms="1570" started-at="2023-02-08T12:45:44Z" finished-at="2023-02-08T12:45:46Z">
          <reporter-output>
          </reporter-output>
        </test-method> <!-- tearDown -->
        <test-method status="PASS" signature="setup()[pri:0, instance:com.crm.qa.testcases.HomePageTest@5025a98f]" name="setup" is-config="true" duration-ms="31633" started-at="2023-02-08T12:45:46Z" finished-at="2023-02-08T12:46:17Z">
          <reporter-output>
          </reporter-output>
        </test-method> <!-- setup -->
        <test-method status="PASS" signature="homePageTitleTest()[pri:0, instance:com.crm.qa.testcases.HomePageTest@5025a98f]" name="homePageTitleTest" duration-ms="26" started-at="2023-02-08T12:46:17Z" finished-at="2023-02-08T12:46:17Z">
          <reporter-output>
          </reporter-output>
        </test-method> <!-- homePageTitleTest -->
        <test-method status="PASS" signature="tearDown()[pri:0, instance:com.crm.qa.testcases.HomePageTest@5025a98f]" name="tearDown" is-config="true" duration-ms="2174" started-at="2023-02-08T12:46:17Z" finished-at="2023-02-08T12:46:19Z">
          <reporter-output>
          </reporter-output>
        </test-method> <!-- tearDown -->
        <test-method status="PASS" signature="setup()[pri:0, instance:com.crm.qa.testcases.HomePageTest@5025a98f]" name="setup" is-config="true" duration-ms="37800" started-at="2023-02-08T12:46:19Z" finished-at="2023-02-08T12:46:57Z">
          <reporter-output>
          </reporter-output>
        </test-method> <!-- setup -->
        <test-method status="PASS" signature="tasksLinkTest()[pri:0, instance:com.crm.qa.testcases.HomePageTest@5025a98f]" name="tasksLinkTest" duration-ms="3873" started-at="2023-02-08T12:46:57Z" finished-at="2023-02-08T12:47:01Z">
          <reporter-output>
          </reporter-output>
        </test-method> <!-- tasksLinkTest -->
        <test-method status="PASS" signature="tearDown()[pri:0, instance:com.crm.qa.testcases.HomePageTest@5025a98f]" name="tearDown" is-config="true" duration-ms="1501" started-at="2023-02-08T12:47:01Z" finished-at="2023-02-08T12:47:03Z">
          <reporter-output>
          </reporter-output>
        </test-method> <!-- tearDown -->
        <test-method status="PASS" signature="setup()[pri:0, instance:com.crm.qa.testcases.HomePageTest@5025a98f]" name="setup" is-config="true" duration-ms="32598" started-at="2023-02-08T12:47:03Z" finished-at="2023-02-08T12:47:35Z">
          <reporter-output>
          </reporter-output>
        </test-method> <!-- setup -->
        <test-method status="FAIL" signature="userValidation()[pri:1, instance:com.crm.qa.testcases.HomePageTest@5025a98f]" name="userValidation" duration-ms="720" started-at="2023-02-08T12:47:35Z" finished-at="2023-02-08T12:47:36Z">
          <exception class="java.lang.AssertionError">
            <message>
              <![CDATA[incorrect user expected [User: PANKAJ KUMAR] but found [  User: PANKAJ KUMAR]]]>
            </message>
            <full-stacktrace>
              <![CDATA[java.lang.AssertionError: incorrect user expected [User: PANKAJ KUMAR] but found [  User: PANKAJ KUMAR]
	at org.testng.Assert.fail(Assert.java:94)
	at org.testng.Assert.failNotEquals(Assert.java:513)
	at org.testng.Assert.assertEqualsImpl(Assert.java:135)
	at org.testng.Assert.assertEquals(Assert.java:116)
	at org.testng.Assert.assertEquals(Assert.java:190)
	at com.crm.qa.pages.HomePage.verifyUserName(HomePage.java:45)
	at com.crm.qa.testcases.HomePageTest.userValidation(HomePageTest.java:51)
	at sun.reflect.NativeMethodAccessorImpl.invoke0(Native Method)
	at sun.reflect.NativeMethodAccessorImpl.invoke(NativeMethodAccessorImpl.java:62)
	at sun.reflect.DelegatingMethodAccessorImpl.invoke(DelegatingMethodAccessorImpl.java:43)
	at java.lang.reflect.Method.invoke(Method.java:498)
	at org.testng.internal.MethodInvocationHelper.invokeMethod(MethodInvocationHelper.java:104)
	at org.testng.internal.Invoker.invokeMethod(Invoker.java:645)
	at org.testng.internal.Invoker.invokeTestMethod(Invoker.java:851)
	at org.testng.internal.Invoker.invokeTestMethods(Invoker.java:1177)
	at org.testng.internal.TestMethodWorker.invokeTestMethods(TestMethodWorker.java:129)
	at org.testng.internal.TestMethodWorker.run(TestMethodWorker.java:112)
	at org.testng.TestRunner.privateRun(TestRunner.java:756)
	at org.testng.TestRunner.run(TestRunner.java:610)
	at org.testng.SuiteRunner.runTest(SuiteRunner.java:387)
	at org.testng.SuiteRunner.runSequentially(SuiteRunner.java:382)
	at org.testng.SuiteRunner.privateRun(SuiteRunner.java:340)
	at org.testng.SuiteRunner.run(SuiteRunner.java:289)
	at org.testng.SuiteRunnerWorker.runSuite(SuiteRunnerWorker.java:52)
	at org.testng.SuiteRunnerWorker.run(SuiteRunnerWorker.java:86)
	at org.testng.TestNG.runSuitesSequentially(TestNG.java:1293)
	at org.testng.TestNG.runSuitesLocally(TestNG.java:1218)
	at org.testng.TestNG.runSuites(TestNG.java:1133)
	at org.testng.TestNG.run(TestNG.java:1104)
	at org.testng.remote.AbstractRemoteTestNG.run(AbstractRemoteTestNG.java:132)
	at org.testng.remote.RemoteTestNG.initAndRun(RemoteTestNG.java:236)
	at org.testng.remote.RemoteTestNG.main(RemoteTestNG.java:81)
]]>
            </full-stacktrace>
          </exception> <!-- java.lang.AssertionError -->
          <reporter-output>
          </reporter-output>
        </test-method> <!-- userValidation -->
        <test-method status="PASS" signature="tearDown()[pri:0, instance:com.crm.qa.testcases.HomePageTest@5025a98f]" name="tearDown" is-config="true" duration-ms="2070" started-at="2023-02-08T12:47:36Z" finished-at="2023-02-08T12:47:38Z">
          <reporter-output>
          </reporter-output>
        </test-method> <!-- tearDown -->
      </class> <!-- com.crm.qa.testcases.HomePageTest -->
    </test> <!-- Default test -->
  </suite> <!-- Default suite -->
</testng-results>
